Build started 3/2/2015 8:10:49 PM.
     1>Project "C:\Users\Olin\Documents\Visual Studio 2013\Projects\BitMap2\BitMap2\BitMap2.vcxproj" on node 2 (Rebuild target(s)).
     1>ClCompile:
         C:\Program Files (x86)\Microsoft Visual Studio 12.0\VC\bin\CL.exe /c /ZI /nologo /W3 /WX- /sdl /Od /Oy- /D _MBCS /Gm /EHsc /RTC1 /MDd /GS /fp:precise /Zc:wchar_t /Zc:forScope /Fo"Debug\//" /Fd"Debug\vc120.pdb" /Gd /TP /analyze- /errorReport:prompt bitmap.cpp bitmap.h main.cpp
         main.cpp
     1>c:\users\olin\documents\visual studio 2013\projects\bitmap2\bitmap2\bitmap.h(69): warning C4018: '<' : signed/unsigned mismatch
                 c:\users\olin\documents\visual studio 2013\projects\bitmap2\bitmap2\bitmap.h(67) : while compiling class template member function 'void BitMap<5>::print_map(void)'
                 c:\users\olin\documents\visual studio 2013\projects\bitmap2\bitmap2\main.cpp(38) : see reference to function template instantiation 'void BitMap<5>::print_map(void)' being compiled
                 c:\users\olin\documents\visual studio 2013\projects\bitmap2\bitmap2\apriori_manager.h(18) : see reference to class template instantiation 'BitMap<5>' being compiled
                 c:\users\olin\documents\visual studio 2013\projects\bitmap2\bitmap2\main.cpp(24) : see reference to class template instantiation 'Apriori_Manager<5>' being compiled
     1>c:\users\olin\documents\visual studio 2013\projects\bitmap2\bitmap2\apriori_manager.h(56): warning C4018: '<' : signed/unsigned mismatch
                 c:\users\olin\documents\visual studio 2013\projects\bitmap2\bitmap2\apriori_manager.h(49) : while compiling class template member function 'void Apriori_Manager<5>::define_unique_identifiers(void)'
                 c:\users\olin\documents\visual studio 2013\projects\bitmap2\bitmap2\main.cpp(28) : see reference to function template instantiation 'void Apriori_Manager<5>::define_unique_identifiers(void)' being compiled
     1>c:\users\olin\documents\visual studio 2013\projects\bitmap2\bitmap2\apriori_manager.h(58): warning C4018: '<' : signed/unsigned mismatch
     1>c:\users\olin\documents\visual studio 2013\projects\bitmap2\bitmap2\apriori_manager.h(83): warning C4018: '<' : signed/unsigned mismatch
                 c:\users\olin\documents\visual studio 2013\projects\bitmap2\bitmap2\apriori_manager.h(81) : while compiling class template member function 'void Apriori_Manager<5>::print_unique_identifiers(void)'
                 c:\users\olin\documents\visual studio 2013\projects\bitmap2\bitmap2\main.cpp(34) : see reference to function template instantiation 'void Apriori_Manager<5>::print_unique_identifiers(void)' being compiled
     1>c:\users\olin\documents\visual studio 2013\projects\bitmap2\bitmap2\bitmap.h(37): warning C4018: '<' : signed/unsigned mismatch
                 c:\users\olin\documents\visual studio 2013\projects\bitmap2\bitmap2\bitmap.h(34) : while compiling class template member function 'void BitMap<5>::build_map(std::vector<std::vector<int,std::allocator<_Ty>>,std::allocator<std::vector<_Ty,std::allocator<_Ty>>>>,std::vector<_Ty,std::allocator<_Ty>>)'
                 with
                 [
                     _Ty=int
                 ]
                 c:\users\olin\documents\visual studio 2013\projects\bitmap2\bitmap2\apriori_manager.h(44) : see reference to function template instantiation 'void BitMap<5>::build_map(std::vector<std::vector<int,std::allocator<_Ty>>,std::allocator<std::vector<_Ty,std::allocator<_Ty>>>>,std::vector<_Ty,std::allocator<_Ty>>)' being compiled
                 with
                 [
                     _Ty=int
                 ]
                 c:\users\olin\documents\visual studio 2013\projects\bitmap2\bitmap2\bitmap.h(67) : while compiling class template member function 'void BitMap<5>::print_map(void)'
                 c:\users\olin\documents\visual studio 2013\projects\bitmap2\bitmap2\main.cpp(38) : see reference to function template instantiation 'void BitMap<5>::print_map(void)' being compiled
     1>c:\users\olin\documents\visual studio 2013\projects\bitmap2\bitmap2\bitmap.h(39): warning C4018: '<' : signed/unsigned mismatch
         bitmap.h
         bitmap.cpp
         Generating Code...
       Link:
         C:\Program Files (x86)\Microsoft Visual Studio 12.0\VC\bin\link.exe /ERRORREPORT:PROMPT /OUT:"C:\Users\Olin\Documents\Visual Studio 2013\Projects\BitMap2\Debug\BitMap2.exe" /INCREMENTAL /NOLOGO kernel32.lib user32.lib gdi32.lib winspool.lib comdlg32.lib advapi32.lib shell32.lib ole32.lib oleaut32.lib uuid.lib odbc32.lib odbccp32.lib /MANIFEST /MANIFESTUAC:"level='asInvoker' uiAccess='false'" /manifest:embed /DEBUG /PDB:"C:\Users\Olin\Documents\Visual Studio 2013\Projects\BitMap2\Debug\BitMap2.pdb" /TLBID:1 /DYNAMICBASE /NXCOMPAT /IMPLIB:"C:\Users\Olin\Documents\Visual Studio 2013\Projects\BitMap2\Debug\BitMap2.lib" /MACHINE:X86 Debug\//bitmap.obj
         Debug\//bitmap.obj
         Debug\//main.obj
     1>Debug\//bitmap.obj : warning LNK4042: object specified more than once; extras ignored
         BitMap2.vcxproj -> C:\Users\Olin\Documents\Visual Studio 2013\Projects\BitMap2\Debug\BitMap2.exe
     1>Done Building Project "C:\Users\Olin\Documents\Visual Studio 2013\Projects\BitMap2\BitMap2\BitMap2.vcxproj" (Rebuild target(s)).

Build succeeded.

Time Elapsed 00:00:01.19
